Using pre-set license
Built from '2021.3/staging' branch; Version is '2021.3.25f1 (68ef2c4f8861) revision 6876972'; Using compiler version '192829333'; Build Type 'Release'
OS: 'Windows 10  (10.0.19045) 64bit Professional' Language: 'en' Physical Memory: 65461 MB
BatchMode: 1, IsHumanControllingUs: 0, StartBugReporterOnCrash: 0, Is64bit: 1, IsPro: 1

COMMAND LINE ARGUMENTS:
C:\Program Files\Unity\Hub\Editor\2021.3.25f1\Editor\Unity.exe
-adb2
-batchMode
-noUpm
-name
AssetImportWorker1
-projectPath
E:/Softtick Project/KoalaProject/Koala Project
-logFile
Logs/AssetImportWorker1.log
-srvPort
55830
Successfully changed project path to: E:/Softtick Project/KoalaProject/Koala Project
E:/Softtick Project/KoalaProject/Koala Project
[UnityMemory] Configuration Parameters - Can be set up in boot.config
    "memorysetup-bucket-allocator-granularity=16"
    "memorysetup-bucket-allocator-bucket-count=8"
    "memorysetup-bucket-allocator-block-size=33554432"
    "memorysetup-bucket-allocator-block-count=8"
    "memorysetup-main-allocator-block-size=16777216"
    "memorysetup-thread-allocator-block-size=16777216"
    "memorysetup-gfx-main-allocator-block-size=16777216"
    "memorysetup-gfx-thread-allocator-block-size=16777216"
    "memorysetup-cache-allocator-block-size=4194304"
    "memorysetup-typetree-allocator-block-size=2097152"
    "memorysetup-profiler-bucket-allocator-granularity=16"
    "memorysetup-profiler-bucket-allocator-bucket-count=8"
    "memorysetup-profiler-bucket-allocator-block-size=33554432"
    "memorysetup-profiler-bucket-allocator-block-count=8"
    "memorysetup-profiler-allocator-block-size=16777216"
    "memorysetup-profiler-editor-allocator-block-size=1048576"
    "memorysetup-temp-allocator-size-main=16777216"
    "memorysetup-job-temp-allocator-block-size=2097152"
    "memorysetup-job-temp-allocator-block-size-background=1048576"
    "memorysetup-job-temp-allocator-reduction-small-platforms=262144"
    "memorysetup-temp-allocator-size-background-worker=32768"
    "memorysetup-temp-allocator-size-job-worker=262144"
    "memorysetup-temp-allocator-size-preload-manager=33554432"
    "memorysetup-temp-allocator-size-nav-mesh-worker=65536"
    "memorysetup-temp-allocator-size-audio-worker=65536"
    "memorysetup-temp-allocator-size-cloud-worker=32768"
    "memorysetup-temp-allocator-size-gi-baking-worker=262144"
    "memorysetup-temp-allocator-size-gfx=262144"
Player connection [11364] Host "[IP] 192.168.50.119 [Port] 0 [Flags] 2 [Guid] 3103340168 [EditorId] 3103340168 [Version] 1048832 [Id] WindowsEditor(7,DESKTOP-VIEALJM) [Debug] 1 [PackageName] WindowsEditor [ProjectName] Editor" joined multi-casting on [225.0.0.222:54997]...

Player connection [11364] Host "[IP] 192.168.50.119 [Port] 0 [Flags] 2 [Guid] 3103340168 [EditorId] 3103340168 [Version] 1048832 [Id] WindowsEditor(7,DESKTOP-VIEALJM) [Debug] 1 [PackageName] WindowsEditor [ProjectName] Editor" joined alternative multi-casting on [225.0.0.222:34997]...

Refreshing native plugins compatible for Editor in 78.39 ms, found 3 plugins.
Preloading 0 native plugins for Editor in 0.00 ms.
Initialize engine version: 2021.3.25f1 (68ef2c4f8861)
[Subsystems] Discovering subsystems at path C:/Program Files/Unity/Hub/Editor/2021.3.25f1/Editor/Data/Resources/UnitySubsystems
[Subsystems] Discovering subsystems at path E:/Softtick Project/KoalaProject/Koala Project/Assets
GfxDevice: creating device client; threaded=0; jobified=0
Direct3D:
    Version:  Direct3D 11.0 [level 11.1]
    Renderer: NVIDIA GeForce RTX 3070 (ID=0x2484)
    Vendor:   NVIDIA
    VRAM:     8031 MB
    Driver:   31.0.15.3623
Initialize mono
Mono path[0] = 'C:/Program Files/Unity/Hub/Editor/2021.3.25f1/Editor/Data/Managed'
Mono path[1] = 'C:/Program Files/Unity/Hub/Editor/2021.3.25f1/Editor/Data/MonoBleedingEdge/lib/mono/unityjit-win32'
Mono config path = 'C:/Program Files/Unity/Hub/Editor/2021.3.25f1/Editor/Data/MonoBleedingEdge/etc'
Using monoOptions --debugger-agent=transport=dt_socket,embedding=1,server=y,suspend=n,address=127.0.0.1:56460
Begin MonoManager ReloadAssembly
Registering precompiled unity dll's ...
Register platform support module: C:/Program Files/Unity/Hub/Editor/2021.3.25f1/Editor/Data/PlaybackEngines/WebGLSupport/UnityEditor.WebGL.Extensions.dll
Register platform support module: C:/Program Files/Unity/Hub/Editor/2021.3.25f1/Editor/Data/PlaybackEngines/AndroidPlayer/UnityEditor.Android.Extensions.dll
Register platform support module: C:/Program Files/Unity/Hub/Editor/2021.3.25f1/Editor/Data/PlaybackEngines/WindowsStandaloneSupport/UnityEditor.WindowsStandalone.Extensions.dll
Registered in 0.325909 seconds.
Native extension for WindowsStandalone target not found
Native extension for Android target not found
Android Extension - Scanning For ADB Devices 505 ms
Native extension for WebGL target not found
Refreshing native plugins compatible for Editor in 75.54 ms, found 3 plugins.
Preloading 0 native plugins for Editor in 0.00 ms.
Mono: successfully reloaded assembly
- Completed reload, in  6.262 seconds
Domain Reload Profiling:
	ReloadAssembly (6263ms)
		BeginReloadAssembly (3865ms)
			ExecutionOrderSort (0ms)
			DisableScriptedObjects (0ms)
			BackupInstance (0ms)
			ReleaseScriptingObjects (0ms)
			CreateAndSetChildDomain (1ms)
		EndReloadAssembly (1741ms)
			LoadAssemblies (3868ms)
			RebuildTransferFunctionScriptingTraits (0ms)
			SetupTypeCache (866ms)
			ReleaseScriptCaches (0ms)
			RebuildScriptCaches (27ms)
			SetupLoadedEditorAssemblies (793ms)
				LogAssemblyErrors (0ms)
				InitializePlatformSupportModulesInManaged (590ms)
				SetLoadedEditorAssemblies (0ms)
				RefreshPlugins (76ms)
				BeforeProcessingInitializeOnLoad (1ms)
				ProcessInitializeOnLoadAttributes (82ms)
				ProcessInitializeOnLoadMethodAttributes (44ms)
				AfterProcessingInitializeOnLoad (0ms)
				EditorAssembliesLoaded (0ms)
			ExecutionOrderSort2 (0ms)
			AwakeInstancesAfterBackupRestoration (0ms)
Platform modules already initialized, skipping
Registering precompiled user dll's ...
Registered in 0.004939 seconds.
Begin MonoManager ReloadAssembly
Symbol file LoadedFromMemory doesn't match image E:\Softtick Project\KoalaProject\Koala Project\Library\PackageCache\com.unity.visualscripting@1.8.0\Editor\VisualScripting.Core\Dependencies\YamlDotNet\Unity.VisualScripting.YamlDotNet.dll
Symbol file LoadedFromMemory doesn't match image E:\Softtick Project\KoalaProject\Koala Project\Library\PackageCache\com.unity.visualscripting@1.8.0\Editor\VisualScripting.Core\Dependencies\DotNetZip\Unity.VisualScripting.IonicZip.dll
Native extension for WindowsStandalone target not found
Native extension for Android target not found
Native extension for WebGL target not found
Refreshing native plugins compatible for Editor in 0.45 ms, found 3 plugins.
Preloading 0 native plugins for Editor in 0.00 ms.
Mono: successfully reloaded assembly
- Completed reload, in  3.991 seconds
Domain Reload Profiling:
	ReloadAssembly (3992ms)
		BeginReloadAssembly (139ms)
			ExecutionOrderSort (0ms)
			DisableScriptedObjects (5ms)
			BackupInstance (0ms)
			ReleaseScriptingObjects (0ms)
			CreateAndSetChildDomain (21ms)
		EndReloadAssembly (3716ms)
			LoadAssemblies (2396ms)
			RebuildTransferFunctionScriptingTraits (0ms)
			SetupTypeCache (840ms)
			ReleaseScriptCaches (1ms)
			RebuildScriptCaches (56ms)
			SetupLoadedEditorAssemblies (390ms)
				LogAssemblyErrors (0ms)
				InitializePlatformSupportModulesInManaged (24ms)
				SetLoadedEditorAssemblies (0ms)
				RefreshPlugins (0ms)
				BeforeProcessingInitializeOnLoad (78ms)
				ProcessInitializeOnLoadAttributes (252ms)
				ProcessInitializeOnLoadMethodAttributes (22ms)
				AfterProcessingInitializeOnLoad (13ms)
				EditorAssembliesLoaded (0ms)
			ExecutionOrderSort2 (0ms)
			AwakeInstancesAfterBackupRestoration (7ms)
Platform modules already initialized, skipping
========================================================================
Worker process is ready to serve import requests
Launched and connected shader compiler UnityShaderCompiler.exe after 0.09 seconds
Refreshing native plugins compatible for Editor in 0.61 ms, found 3 plugins.
Preloading 0 native plugins for Editor in 0.00 ms.
Unloading 3109 Unused Serialized files (Serialized files now loaded: 0)
Unloading 22 unused Assets / (284.5 KB). Loaded Objects now: 3575.
Memory consumption went from 116.2 MB to 115.9 MB.
Total: 3.508700 ms (FindLiveObjects: 0.360700 ms CreateObjectMapping: 0.393800 ms MarkObjects: 2.621600 ms  DeleteObjects: 0.131300 ms)

AssetImportParameters requested are different than current active one (requested -> active):
  custom:video-decoder-ogg-theora: a1e56fd34408186e4bbccfd4996cb3dc -> 
  custom:container-muxer-webm: aa71ff27fc2769a1b78a27578f13a17b -> 
  custom:container-demuxer-webm: 4f35f7cbe854078d1ac9338744f61a02 -> 
  custom:video-encoder-webm-vp8: eb34c28f22e8b96e1ab97ce403110664 -> 
  custom:audio-encoder-webm-vorbis: bf7c407c2cedff20999df2af8eb42d56 -> 
  custom:framework-win-MediaFoundation: 216162199b28c13a410421893ffa2e32 -> 
  custom:container-demuxer-ogg: 62fdf1f143b41e24485cea50d1cbac27 -> 
  custom:video-decoder-webm-vp8: 9c59270c3fd7afecdb556c50c9e8de78 -> 
  custom:audio-decoder-ogg-vorbis: bf7c407c2cedff20999df2af8eb42d56 -> 
========================================================================
Received Import Request.
  Time since last request: 317353.304178 seconds.
  path: Assets/UI Screens/Popups/Connect wallet.png
  artifactKey: Guid(0dfdfe682dfa3c34889edad2f4b623d9) Importer(815301076,1909f56bfc062723c751e8b465ee728b)
Start importing Assets/UI Screens/Popups/Connect wallet.png using Guid(0dfdfe682dfa3c34889edad2f4b623d9) Importer(815301076,1909f56bfc062723c751e8b465ee728b)  -> (artifact id: '0cd858ddc8a41c419d1e5be0f52f5e18') in 0.185885 seconds 
========================================================================
Received Import Request.
  Time since last request: 1442.168305 seconds.
  path: Assets/UI Screens/Alert Message/Hack.png
  artifactKey: Guid(fff1ac49a50187140a9522a50899ddc2) Importer(815301076,1909f56bfc062723c751e8b465ee728b)
Start importing Assets/UI Screens/Alert Message/Hack.png using Guid(fff1ac49a50187140a9522a50899ddc2) Importer(815301076,1909f56bfc062723c751e8b465ee728b)  -> (artifact id: '07cd6555f5895db0438afc5be4b7be70') in 0.019151 seconds 
========================================================================
Received Import Request.
  Time since last request: 0.000033 seconds.
  path: Assets/UI Screens/Alert Message/Table.png
  artifactKey: Guid(6395d3d0a0d00f44c8c52a3c799afa85) Importer(815301076,1909f56bfc062723c751e8b465ee728b)
Start importing Assets/UI Screens/Alert Message/Table.png using Guid(6395d3d0a0d00f44c8c52a3c799afa85) Importer(815301076,1909f56bfc062723c751e8b465ee728b)  -> (artifact id: '55f429f614df9beb0c93e072a9e77ebb') in 0.019942 seconds 
========================================================================
Received Import Request.
  Time since last request: 0.000028 seconds.
  path: Assets/UI Screens/Alert Message/Jump.png
  artifactKey: Guid(ee32c9775352ce04da9224364b1e362d) Importer(815301076,1909f56bfc062723c751e8b465ee728b)
Start importing Assets/UI Screens/Alert Message/Jump.png using Guid(ee32c9775352ce04da9224364b1e362d) Importer(815301076,1909f56bfc062723c751e8b465ee728b)  -> (artifact id: '326ba70e9f8cce68284b4e5ed0f4c2e1') in 0.016809 seconds 
========================================================================
Received Import Request.
  Time since last request: 0.000119 seconds.
  path: Assets/UI Screens/Alert Message/Shape.png
  artifactKey: Guid(df17875cfe167bf4b95b50ae992fe4a1) Importer(815301076,1909f56bfc062723c751e8b465ee728b)
Start importing Assets/UI Screens/Alert Message/Shape.png using Guid(df17875cfe167bf4b95b50ae992fe4a1) Importer(815301076,1909f56bfc062723c751e8b465ee728b)  -> (artifact id: '56a277387a7d409effccadaa4561bc62') in 0.020003 seconds 
========================================================================
Received Import Request.
  Time since last request: 11.741027 seconds.
  path: Assets/UI Screens/Alert Message/Hack.png
  artifactKey: Guid(fff1ac49a50187140a9522a50899ddc2) Importer(815301076,1909f56bfc062723c751e8b465ee728b)
Start importing Assets/UI Screens/Alert Message/Hack.png using Guid(fff1ac49a50187140a9522a50899ddc2) Importer(815301076,1909f56bfc062723c751e8b465ee728b)  -> (artifact id: 'a422fcf247d81167f90485df1df7cfe9') in 0.041607 seconds 
========================================================================
Received Import Request.
  Time since last request: 0.000022 seconds.
  path: Assets/UI Screens/Alert Message/Wrestle.png
  artifactKey: Guid(c98742c9aa607d444a161bb761361ee5) Importer(815301076,1909f56bfc062723c751e8b465ee728b)
Start importing Assets/UI Screens/Alert Message/Wrestle.png using Guid(c98742c9aa607d444a161bb761361ee5) Importer(815301076,1909f56bfc062723c751e8b465ee728b)  -> (artifact id: '8186d52ed3889ba68f886a0887e9d207') in 0.021404 seconds 
========================================================================
Received Import Request.
  Time since last request: 0.000044 seconds.
  path: Assets/UI Screens/Alert Message/Member.png
  artifactKey: Guid(292bcc4a1ce13e543bcbad825ba52b12) Importer(815301076,1909f56bfc062723c751e8b465ee728b)
Start importing Assets/UI Screens/Alert Message/Member.png using Guid(292bcc4a1ce13e543bcbad825ba52b12) Importer(815301076,1909f56bfc062723c751e8b465ee728b)  -> (artifact id: '1f28380823698b790bda2bd736321563') in 0.019495 seconds 
Editor requested this worker to shutdown with reason: Scaling down because of idle timeout
AssetImportWorker is now disconnected from the server
Process exiting
Exiting without the bug reporter. Application will terminate with return code 0